[debug] [2024-01-05T10:34:39.830Z] ----------------------------------------------------------------------
[debug] [2024-01-05T10:34:39.834Z] Command:       D:\program_files\node js\node.exe C:\Users\Asus\AppData\Roaming\npm\node_modules\firebase-tools\lib\bin\firebase.js emulators:start --only functions
[debug] [2024-01-05T10:34:39.835Z] CLI Version:   12.9.1
[debug] [2024-01-05T10:34:39.835Z] Platform:      win32
[debug] [2024-01-05T10:34:39.836Z] Node Version:  v18.15.0
[debug] [2024-01-05T10:34:39.981Z] Time:          Fri Jan 05 2024 16:04:39 GMT+0530 (India Standard Time)
[debug] [2024-01-05T10:34:39.982Z] ----------------------------------------------------------------------
[debug] 
[debug] [2024-01-05T10:34:40.139Z] > command requires scopes: ["email","openid","https://www.googleapis.com/auth/cloudplatformprojects.readonly","https://www.googleapis.com/auth/firebase","https://www.googleapis.com/auth/cloud-platform"]
[debug] [2024-01-05T10:34:40.139Z] > authorizing via signed-in user (shibin.kurian2020@vitbhopal.ac.in)
[info] i  emulators: Starting emulators: functions {"metadata":{"emulator":{"name":"hub"},"message":"Starting emulators: functions"}}
[debug] [2024-01-05T10:34:40.162Z] [logging] Logging Emulator only supports listening on one address (127.0.0.1). Not listening on ::1
[debug] [2024-01-05T10:34:40.162Z] assigned listening specs for emulators {"user":{"hub":[{"address":"127.0.0.1","family":"IPv4","port":4400},{"address":"::1","family":"IPv6","port":4400}],"ui":[{"address":"127.0.0.1","family":"IPv4","port":4000},{"address":"::1","family":"IPv6","port":4000}],"logging":[{"address":"127.0.0.1","family":"IPv4","port":4500}]},"metadata":{"message":"assigned listening specs for emulators"}}
[debug] [2024-01-05T10:34:40.204Z] [hub] writing locator at C:\Users\Asus\AppData\Local\Temp\hub-mealstohunt.json
[debug] [2024-01-05T10:34:40.257Z] [functions] Functions Emulator only supports listening on one address (127.0.0.1). Not listening on ::1
[debug] [2024-01-05T10:34:40.258Z] [eventarc] Eventarc Emulator only supports listening on one address (127.0.0.1). Not listening on ::1
[debug] [2024-01-05T10:34:40.258Z] late-assigned ports for functions and eventarc emulators {"user":{"hub":[{"address":"127.0.0.1","family":"IPv4","port":4400},{"address":"::1","family":"IPv6","port":4400}],"ui":[{"address":"127.0.0.1","family":"IPv4","port":4000},{"address":"::1","family":"IPv6","port":4000}],"logging":[{"address":"127.0.0.1","family":"IPv4","port":4500}],"functions":[{"address":"127.0.0.1","family":"IPv4","port":5001}],"eventarc":[{"address":"127.0.0.1","family":"IPv4","port":9299}]},"metadata":{"message":"late-assigned ports for functions and eventarc emulators"}}
[warn] !  functions: The following emulators are not running, calls to these services from the Functions emulator will affect production: auth, firestore, database, hosting, pubsub, storage {"metadata":{"emulator":{"name":"functions"},"message":"The following emulators are not running, calls to these services from the Functions emulator will affect production: \u001b[1mauth, firestore, database, hosting, pubsub, storage\u001b[22m"}}
[debug] [2024-01-05T10:34:40.262Z] defaultcredentials: writing to file C:\Users\Asus\AppData\Roaming\firebase\shibin_kurian2020_vitbhopal.ac.in_application_default_credentials.json
[debug] [2024-01-05T10:34:40.276Z] Setting GAC to C:\Users\Asus\AppData\Roaming\firebase\shibin_kurian2020_vitbhopal.ac.in_application_default_credentials.json {"metadata":{"emulator":{"name":"functions"},"message":"Setting GAC to C:\\Users\\Asus\\AppData\\Roaming\\firebase\\shibin_kurian2020_vitbhopal.ac.in_application_default_credentials.json"}}
[debug] [2024-01-05T10:34:40.282Z] >>> [apiv2][query] GET https://firebase.googleapis.com/v1beta1/projects/mealstohunt/adminSdkConfig [none]
[debug] [2024-01-05T10:34:40.988Z] <<< [apiv2][status] GET https://firebase.googleapis.com/v1beta1/projects/mealstohunt/adminSdkConfig 200
[debug] [2024-01-05T10:34:40.988Z] <<< [apiv2][body] GET https://firebase.googleapis.com/v1beta1/projects/mealstohunt/adminSdkConfig {"projectId":"mealstohunt","storageBucket":"mealstohunt.appspot.com"}
[debug] [2024-01-05T10:34:41.024Z] Ignoring unsupported arg: auto_download {"metadata":{"emulator":{"name":"ui"},"message":"Ignoring unsupported arg: auto_download"}}
[debug] [2024-01-05T10:34:41.025Z] Ignoring unsupported arg: port {"metadata":{"emulator":{"name":"ui"},"message":"Ignoring unsupported arg: port"}}
[debug] [2024-01-05T10:34:41.026Z] Starting Emulator UI with command {"binary":"node","args":["C:\\Users\\Asus\\.cache\\firebase\\emulators\\ui-v1.11.7\\server\\server.js"],"optionalArgs":[],"joinArgs":false} {"metadata":{"emulator":{"name":"ui"},"message":"Starting Emulator UI with command {\"binary\":\"node\",\"args\":[\"C:\\\\Users\\\\Asus\\\\.cache\\\\firebase\\\\emulators\\\\ui-v1.11.7\\\\server\\\\server.js\"],\"optionalArgs\":[],\"joinArgs\":false}"}}
[info] i  ui: Emulator UI logging to ui-debug.log {"metadata":{"emulator":{"name":"ui"},"message":"Emulator UI logging to \u001b[1mui-debug.log\u001b[22m"}}
[debug] [2024-01-05T10:34:46.009Z] Web / API server started at 127.0.0.1:4000
Web / API server started at ::1:4000
 {"metadata":{"emulator":{"name":"ui"},"message":"Web / API server started at 127.0.0.1:4000\nWeb / API server started at ::1:4000\n"}}
[info] i  functions: Watching "D:\React Native\project\MealsToHunt\functions" for Cloud Functions... {"metadata":{"emulator":{"name":"functions"},"message":"Watching \"D:\\React Native\\project\\MealsToHunt\\functions\" for Cloud Functions..."}}
[debug] [2024-01-05T10:34:46.270Z] Validating nodejs source
[warn] !  functions: package.json indicates an outdated version of firebase-functions. Please upgrade using npm install --save firebase-functions@latest in your functions directory. 
[debug] [2024-01-05T10:34:49.220Z] > [functions] package.json contents: {
  "name": "functions",
  "description": "Cloud Functions for Firebase",
  "scripts": {
    "serve": "firebase emulators:start --only functions",
    "shell": "firebase functions:shell",
    "start": "npm run shell",
    "deploy": "firebase deploy --only functions",
    "logs": "firebase functions:log"
  },
  "engines": {
    "node": "18"
  },
  "main": "index.js",
  "dependencies": {
    "firebase-admin": "^11.8.0",
    "firebase-functions": "^4.3.1"
  },
  "devDependencies": {
    "firebase-functions-test": "^3.1.0"
  },
  "private": true
}
[debug] [2024-01-05T10:34:49.220Z] Building nodejs source
[debug] [2024-01-05T10:34:49.221Z] Failed to find version of module node: reached end of search path D:\React Native\project\MealsToHunt\functions\node_modules
[info] +  functions: Using node@18 from host. 
[debug] [2024-01-05T10:34:49.226Z] Could not find functions.yaml. Must use http discovery
[debug] [2024-01-05T10:34:49.236Z] Found firebase-functions binary at 'D:\React Native\project\MealsToHunt\functions\node_modules\.bin\firebase-functions'
[info] Serving at port 8890

[error] TypeError: Cannot read properties of undefined (reading 'onRequest')
    at Object.<anonymous> (D:\React Native\project\MealsToHunt\functions\index.js:16:35)
    at Module._compile (node:internal/modules/cjs/loader:1254:14)
    at Module._extensions..js (node:internal/modules/cjs/loader:1308:10)
    at Module.load (node:internal/modules/cjs/loader:1117:32)
    at Module._load (node:internal/modules/cjs/loader:958:12)
    at Module.require (node:internal/modules/cjs/loader:1141:19)
    at require (node:internal/modules/cjs/helpers:110:18)
    at loadModule (D:\React Native\project\MealsToHunt\functions\node_modules\firebase-functions\lib\runtime\loader.js:40:16)
    at loadStack (D:\React Native\project\MealsToHunt\functions\node_modules\firebase-functions\lib\runtime\loader.js:93:23)
    at D:\React Native\project\MealsToHunt\functions\node_modules\firebase-functions\lib\bin\firebase-functions.js:56:56

[debug] [2024-01-05T10:34:53.413Z] Got response code 400; body Failed to generate manifest from function source: TypeError: Cannot read properties of undefined (reading 'onRequest')
[error] !!  functions: Failed to load function definition from source: FirebaseError: Functions codebase could not be analyzed successfully. It may have a syntax or runtime error {"metadata":{"emulator":{"name":"functions"},"message":"Failed to load function definition from source: FirebaseError: Functions codebase could not be analyzed successfully. It may have a syntax or runtime error"}}
[info] 
┌─────────────────────────────────────────────────────────────┐
│ ✔  All emulators ready! It is now safe to connect your app. │
│ i  View Emulator UI at http://127.0.0.1:4000/               │
└─────────────────────────────────────────────────────────────┘

┌───────────┬────────────────┬─────────────────────────────────┐
│ Emulator  │ Host:Port      │ View in Emulator UI             │
├───────────┼────────────────┼─────────────────────────────────┤
│ Functions │ 127.0.0.1:5001 │ http://127.0.0.1:4000/functions │
└───────────┴────────────────┴─────────────────────────────────┘
  Emulator Hub running at 127.0.0.1:4400
  Other reserved ports: 4500

Issues? Report them at https://github.com/firebase/firebase-tools/issues and attach the *-debug.log files.
 
[debug] [2024-01-05T10:35:54.012Z] File D:\React Native\project\MealsToHunt\functions\geocode\geocode.mock.js changed, reloading triggers {"metadata":{"emulator":{"name":"functions"},"message":"File D:\\React Native\\project\\MealsToHunt\\functions\\geocode\\geocode.mock.js changed, reloading triggers"}}
[debug] [2024-01-05T10:35:55.023Z] Validating nodejs source
[warn] !  functions: package.json indicates an outdated version of firebase-functions. Please upgrade using npm install --save firebase-functions@latest in your functions directory. 
[debug] [2024-01-05T10:35:58.427Z] > [functions] package.json contents: {
  "name": "functions",
  "description": "Cloud Functions for Firebase",
  "scripts": {
    "serve": "firebase emulators:start --only functions",
    "shell": "firebase functions:shell",
    "start": "npm run shell",
    "deploy": "firebase deploy --only functions",
    "logs": "firebase functions:log"
  },
  "engines": {
    "node": "18"
  },
  "main": "index.js",
  "dependencies": {
    "firebase-admin": "^11.8.0",
    "firebase-functions": "^4.3.1"
  },
  "devDependencies": {
    "firebase-functions-test": "^3.1.0"
  },
  "private": true
}
[debug] [2024-01-05T10:35:58.428Z] Building nodejs source
[debug] [2024-01-05T10:35:58.429Z] Failed to find version of module node: reached end of search path D:\React Native\project\MealsToHunt\functions\node_modules
[info] +  functions: Using node@18 from host. 
[debug] [2024-01-05T10:35:58.434Z] Could not find functions.yaml. Must use http discovery
[debug] [2024-01-05T10:35:58.449Z] Found firebase-functions binary at 'D:\React Native\project\MealsToHunt\functions\node_modules\.bin\firebase-functions'
[info] Serving at port 8827

[error] TypeError: Cannot read properties of undefined (reading 'onRequest')
    at Object.<anonymous> (D:\React Native\project\MealsToHunt\functions\index.js:16:35)
    at Module._compile (node:internal/modules/cjs/loader:1254:14)
    at Module._extensions..js (node:internal/modules/cjs/loader:1308:10)
    at Module.load (node:internal/modules/cjs/loader:1117:32)
    at Module._load (node:internal/modules/cjs/loader:958:12)
    at Module.require (node:internal/modules/cjs/loader:1141:19)
    at require (node:internal/modules/cjs/helpers:110:18)
    at loadModule (D:\React Native\project\MealsToHunt\functions\node_modules\firebase-functions\lib\runtime\loader.js:40:16)
    at loadStack (D:\React Native\project\MealsToHunt\functions\node_modules\firebase-functions\lib\runtime\loader.js:93:23)
    at D:\React Native\project\MealsToHunt\functions\node_modules\firebase-functions\lib\bin\firebase-functions.js:56:56

[debug] [2024-01-05T10:35:59.100Z] Got response code 400; body Failed to generate manifest from function source: TypeError: Cannot read properties of undefined (reading 'onRequest')
[error] !!  functions: Failed to load function definition from source: FirebaseError: Functions codebase could not be analyzed successfully. It may have a syntax or runtime error {"metadata":{"emulator":{"name":"functions"},"message":"Failed to load function definition from source: FirebaseError: Functions codebase could not be analyzed successfully. It may have a syntax or runtime error"}}
